android/app/build/intermediates/manifest_merge_blame_file/release/manifest-merger-blame-release-report.txt
1<?xml version="1.0" encoding="utf-8"?>
2<manifest xmlns:android="http://schemas.android.com/apk/res/android"
3    package="com.area_app"
4    android:versionCode="1"
5    android:versionName="1.0" >
6
7    <uses-sdk
8        android:minSdkVersion="16"
8-->src/main/AndroidManifest.xml
9        android:targetSdkVersion="28" />
9-->src/main/AndroidManifest.xml
10
11    <uses-permission android:name="android.permission.INTERNET" />
11-->src/main/AndroidManifest.xml:4:5-67
11-->src/main/AndroidManifest.xml:4:22-64
12
13    <application
13-->src/main/AndroidManifest.xml:6:5-24:19
14        android:name="com.area_app.MainApplication"
14-->src/main/AndroidManifest.xml:7:7-38
15        android:allowBackup="false"
15-->src/main/AndroidManifest.xml:11:7-34
16        android:appComponentFactory="androidx.core.app.CoreComponentFactory"
16-->[androidx.core:core:1.1.0] AndroidManifest.xml:24:18-86
17        android:icon="@mipmap/ic_launcher"
17-->src/main/AndroidManifest.xml:9:7-41
18        android:label="@string/app_name"
18-->src/main/AndroidManifest.xml:8:7-39
19        android:roundIcon="@mipmap/ic_launcher_round"
19-->src/main/AndroidManifest.xml:10:7-52
20        android:theme="@style/AppTheme" >
20-->src/main/AndroidManifest.xml:12:7-38
21        <activity
21-->src/main/AndroidManifest.xml:13:7-22:18
22            android:name="com.area_app.MainActivity"
22-->src/main/AndroidManifest.xml:14:9-37
23            android:configChanges="keyboard|keyboardHidden|orientation|screenSize"
23-->src/main/AndroidManifest.xml:16:9-79
24            android:label="@string/app_name"
24-->src/main/AndroidManifest.xml:15:9-41
25            android:windowSoftInputMode="adjustResize" >
25-->src/main/AndroidManifest.xml:17:9-51
26            <intent-filter>
26-->src/main/AndroidManifest.xml:18:9-21:25
27                <action android:name="android.intent.action.MAIN" />
27-->src/main/AndroidManifest.xml:19:13-65
27-->src/main/AndroidManifest.xml:19:21-62
28
29                <category android:name="android.intent.category.LAUNCHER" />
29-->src/main/AndroidManifest.xml:20:13-73
29-->src/main/AndroidManifest.xml:20:23-70
30            </intent-filter>
31        </activity>
32        <activity android:name="com.facebook.react.devsupport.DevSettingsActivity" />
32-->src/main/AndroidManifest.xml:23:7-84
32-->src/main/AndroidManifest.xml:23:17-81
33        <activity
33-->[net.openid:appauth:0.7.1] AndroidManifest.xml:27:9-31:75
34            android:name="net.openid.appauth.AuthorizationManagementActivity"
34-->[net.openid:appauth:0.7.1] AndroidManifest.xml:28:13-78
35            android:exported="false"
35-->[net.openid:appauth:0.7.1] AndroidManifest.xml:29:13-37
36            android:launchMode="singleTask"
36-->[net.openid:appauth:0.7.1] AndroidManifest.xml:30:13-44
37            android:theme="@android:style/Theme.Translucent.NoTitleBar" />
37-->[net.openid:appauth:0.7.1] AndroidManifest.xml:31:13-72
38        <activity
38-->[net.openid:appauth:0.7.1] AndroidManifest.xml:32:9-43:20
39            android:name="net.openid.appauth.RedirectUriReceiverActivity"
39-->[net.openid:appauth:0.7.1] AndroidManifest.xml:33:13-74
40            android:exported="true" >
40-->[net.openid:appauth:0.7.1] AndroidManifest.xml:34:13-36
41            <intent-filter>
41-->[net.openid:appauth:0.7.1] AndroidManifest.xml:35:13-42:29
42                <action android:name="android.intent.action.VIEW" />
42-->[net.openid:appauth:0.7.1] AndroidManifest.xml:36:17-69
42-->[net.openid:appauth:0.7.1] AndroidManifest.xml:36:25-66
43
44                <category android:name="android.intent.category.DEFAULT" />
44-->[net.openid:appauth:0.7.1] AndroidManifest.xml:38:17-76
44-->[net.openid:appauth:0.7.1] AndroidManifest.xml:38:27-73
45                <category android:name="android.intent.category.BROWSABLE" />
45-->[net.openid:appauth:0.7.1] AndroidManifest.xml:39:17-78
45-->[net.openid:appauth:0.7.1] AndroidManifest.xml:39:27-75
46
47                <data android:scheme="io.identityserver.demo" />
47-->[net.openid:appauth:0.7.1] AndroidManifest.xml:41:17-67
47-->[net.openid:appauth:0.7.1] AndroidManifest.xml:41:23-64
48            </intent-filter>
49        </activity>
50    </application>
51
52</manifest>